<?xml version="1.0" encoding="UTF-8"?>
<!-- Generated by org.testng.reporters.JUnitReportReporter -->
<testsuite skipped="0" hostname="LAPTOP-DM7RTNIM" name="Tririga_TestScriptsPkg.Add_Floor_Space_UnderBuilding" tests="1" failures="0" timestamp="18 Oct 2020 05:49:15 GMT" time="221.117" errors="0">
  <testcase name="AddFloorSpaceUnderBuilding" time="221.117" classname="Tririga_TestScriptsPkg.Add_Floor_Space_UnderBuilding"/>
</testsuite> <!-- Tririga_TestScriptsPkg.Add_Floor_Space_UnderBuilding -->
