<?xml version="1.0" encoding="UTF-8"?>
<!-- Generated by org.testng.reporters.JUnitReportReporter -->
<testsuite skipped="1" hostname="INBASDLP02870" name="Tririga_TestScriptsPkg.CreateNew_IncomeLeaseContract_ActivateContract" tests="1" failures="0" timestamp="26 Dec 2019 09:50:53 GMT" time="0.000" errors="0">
  <testcase name="CreateNewIncomeLeaseContractActivateContract" time="0.000" classname="Tririga_TestScriptsPkg.CreateNew_IncomeLeaseContract_ActivateContract">
    <skipped/>
  </testcase> <!-- CreateNewIncomeLeaseContractActivateContract -->
</testsuite> <!-- Tririga_TestScriptsPkg.CreateNew_IncomeLeaseContract_ActivateContract -->
