<?xml version="1.0" encoding="UTF-8"?>
<!-- Generated by org.testng.reporters.JUnitReportReporter -->
<testsuite skipped="1" hostname="INBASDLP02870" name="Tririga_TestScriptsPkg.Expire_An_ExistingLease_DueExpiration_Today" tests="1" failures="0" timestamp="02 Jan 2020 18:02:44 GMT" time="25.823" errors="0">
  <testcase name="AddLandBuildingUnderBuilding" time="25.823" classname="Tririga_TestScriptsPkg.Expire_An_ExistingLease_DueExpiration_Today">
    <skipped/>
  </testcase> <!-- AddLandBuildingUnderBuilding -->
</testsuite> <!-- Tririga_TestScriptsPkg.Expire_An_ExistingLease_DueExpiration_Today -->
