<?xml version="1.0" encoding="UTF-8"?>
<!-- Generated by org.testng.reporters.JUnitReportReporter -->
<testsuite skipped="0" hostname="INBASDLP02870" name="Tririga_TestScriptsPkg.Add_Floor_Space_UnderBuilding" tests="1" failures="0" timestamp="28 Dec 2019 14:25:22 GMT" time="30960.389" errors="0">
  <testcase name="AddFloorSpaceUnderBuilding" time="30960.389" classname="Tririga_TestScriptsPkg.Add_Floor_Space_UnderBuilding"/>
</testsuite> <!-- Tririga_TestScriptsPkg.Add_Floor_Space_UnderBuilding -->
